<?xml version="1.0" encoding="UTF-8"?>
<!-- Generated by org.testng.reporters.JUnitReportReporter -->
<testsuite hostname="bhagyak" failures="0" tests="4" name="testcases.CarModelAndPriceTest" time="32.242" errors="0" timestamp="2024-12-16T09:20:54 IST" skipped="1">
  <testcase classname="testcases.CarModelAndPriceTest" name="getCarModelAndPriceTest" time="8.769"/>
  <testcase classname="testcases.CarModelAndPriceTest" name="getCarModelAndPriceTest" time="12.408"/>
  <testcase classname="testcases.CarModelAndPriceTest" name="getCarModelAndPriceTest" time="0.006">
    <skipped/>
  </testcase> <!-- getCarModelAndPriceTest -->
  <testcase classname="testcases.CarModelAndPriceTest" name="getCarModelAndPriceTest" time="11.059"/>
</testsuite> <!-- testcases.CarModelAndPriceTest -->
