<?xml version="1.0" encoding="UTF-8"?>
<!-- Generated by org.testng.reporters.JUnitReportReporter -->
<testsuite hostname="bhagyak" failures="0" tests="4" name="testcases.FindNewCarsTest" time="25.041" errors="0" timestamp="2024-12-16T09:20:54 IST" skipped="1">
  <testcase classname="testcases.FindNewCarsTest" name="findNewCarTest" time="0.009">
    <skipped/>
  </testcase> <!-- findNewCarTest -->
  <testcase classname="testcases.FindNewCarsTest" name="findNewCarTest" time="8.766"/>
  <testcase classname="testcases.FindNewCarsTest" name="findNewCarTest" time="10.047"/>
  <testcase classname="testcases.FindNewCarsTest" name="findNewCarTest" time="6.219"/>
</testsuite> <!-- testcases.FindNewCarsTest -->
