<?xml version="1.0" encoding="UTF-8"?>
<!-- Generated by org.testng.reporters.JUnitReportReporter -->
<testsuite hostname="bhagyak" failures="0" tests="4" name="testcases.FindNewCarsTest" time="23.159" errors="0" timestamp="2024-12-14T09:06:41 IST" skipped="1">
  <testcase classname="testcases.FindNewCarsTest" name="findNewCarTest" time="9.090"/>
  <testcase classname="testcases.FindNewCarsTest" name="findNewCarTest" time="5.119"/>
  <testcase classname="testcases.FindNewCarsTest" name="findNewCarTest" time="8.947"/>
  <testcase classname="testcases.FindNewCarsTest" name="findNewCarTest" time="0.003">
    <skipped/>
  </testcase> <!-- findNewCarTest -->
</testsuite> <!-- testcases.FindNewCarsTest -->
